\BOOKMARK [0][-]{titlepage_label.0}{\376\377\000T\000i\000t\000l\000e\000\040\000P\000a\000g\000e}{}% 1
\BOOKMARK [0][-]{contents_label.0}{\376\377\000T\000a\000b\000l\000e\000\040\000o\000f\000\040\000C\000o\000n\000t\000e\000n\000t\000s}{}% 2
\BOOKMARK [0][-]{chapter*.2}{\376\377\000A\000b\000s\000t\000r\000a\000c\000t}{}% 3
\BOOKMARK [0][-]{chapter*.3}{\376\377\000A\000c\000k\000n\000o\000w\000l\000e\000d\000g\000e\000m\000e\000n\000t\000s}{}% 4
\BOOKMARK [0][-]{chapter.1}{\376\377\000I\000n\000t\000r\000o\000d\000u\000c\000t\000i\000o\000n}{}% 5
\BOOKMARK [1][-]{section.1.1}{\376\377\000C\000o\000n\000t\000e\000x\000t}{chapter.1}% 6
\BOOKMARK [1][-]{section.1.2}{\376\377\000M\000o\000t\000i\000v\000a\000t\000i\000o\000n}{chapter.1}% 7
\BOOKMARK [1][-]{section.1.3}{\376\377\000O\000b\000j\000e\000c\000t\000i\000v\000e}{chapter.1}% 8
\BOOKMARK [0][-]{chapter.2}{\376\377\000S\000C\000H\000C\000\040\000B\000A\000C\000K\000G\000R\000O\000U\000N\000D}{}% 9
\BOOKMARK [1][-]{section.2.1}{\376\377\000N\000e\000t\000w\000o\000r\000k\000\040\000A\000r\000c\000h\000i\000t\000e\000c\000t\000u\000r\000e}{chapter.2}% 10
\BOOKMARK [1][-]{section.2.2}{\376\377\000C\000o\000m\000p\000r\000e\000s\000s\000i\000o\000n}{chapter.2}% 11
\BOOKMARK [2][-]{subsection.2.2.1}{\376\377\000P\000a\000c\000k\000e\000t\000\040\000C\000l\000a\000s\000s\000i\000f\000i\000c\000a\000t\000i\000o\000n}{section.2.2}% 12
\BOOKMARK [2][-]{subsection.2.2.2}{\376\377\000C\000o\000m\000p\000r\000e\000s\000s\000i\000o\000n\000/\000D\000e\000c\000o\000m\000p\000r\000e\000s\000s\000i\000o\000n\000\040\000M\000o\000d\000e\000s}{section.2.2}% 13
\BOOKMARK [2][-]{subsection.2.2.3}{\376\377\000C\000o\000m\000p\000r\000e\000s\000s\000i\000o\000n}{section.2.2}% 14
\BOOKMARK [2][-]{subsection.2.2.4}{\376\377\000D\000e\000c\000o\000m\000p\000r\000e\000s\000s\000i\000o\000n}{section.2.2}% 15
\BOOKMARK [2][-]{subsection.2.2.5}{\376\377\000C\000o\000m\000p\000r\000e\000s\000s\000i\000o\000n\000\040\000R\000a\000t\000i\000o\000s}{section.2.2}% 16
\BOOKMARK [1][-]{section.2.3}{\376\377\000M\000o\000b\000i\000l\000i\000t\000y\000\040\000L\000i\000m\000i\000t\000a\000t\000i\000o\000n\000s\000\040\000o\000f\000\040\000S\000C\000H\000C}{chapter.2}% 17
\BOOKMARK [0][-]{chapter.3}{\376\377\000D\000Y\000N\000A\000M\000I\000C\000\040\000R\000U\000L\000E\000\040\000U\000P\000D\000A\000T\000I\000N\000G}{}% 18
\BOOKMARK [1][-]{section.3.1}{\376\377\000P\000r\000e\000v\000i\000o\000u\000s\000\040\000W\000o\000r\000k}{chapter.3}% 19
\BOOKMARK [1][-]{section.3.2}{\376\377\000A\000l\000g\000o\000r\000i\000t\000h\000m}{chapter.3}% 20
\BOOKMARK [2][-]{subsection.3.2.1}{\376\377\000W\000e\000i\000g\000h\000t\000\040\000a\000s\000s\000i\000g\000n\000m\000e\000n\000t}{section.3.2}% 21
\BOOKMARK [2][-]{subsection.3.2.2}{\376\377\000C\000h\000o\000o\000s\000i\000n\000g\000\040\000R\000u\000l\000e\000s}{section.3.2}% 22
\BOOKMARK [2][-]{subsection.3.2.3}{\376\377\000R\000a\000t\000i\000o\000n\000a\000l}{section.3.2}% 23
\BOOKMARK [0][-]{chapter.4}{\376\377\000M\000E\000T\000H\000O\000D\000O\000L\000O\000G\000Y}{}% 24
\BOOKMARK [1][-]{section.4.1}{\376\377\000T\000e\000s\000t\000b\000e\000d\000\040\000a\000n\000d\000\040\000W\000o\000r\000k\000f\000l\000o\000w}{chapter.4}% 25
\BOOKMARK [1][-]{section.4.2}{\376\377\000D\000a\000t\000a\000s\000e\000t}{chapter.4}% 26
\BOOKMARK [1][-]{section.4.3}{\376\377\000E\000v\000a\000l\000u\000a\000t\000i\000o\000n}{chapter.4}% 27
\BOOKMARK [2][-]{subsection.4.3.1}{\376\377\000C\000o\000n\000t\000r\000o\000l\000\040\000G\000r\000o\000u\000p}{section.4.3}% 28
\BOOKMARK [2][-]{subsection.4.3.2}{\376\377\000D\000y\000n\000a\000m\000i\000c\000\040\000U\000p\000d\000a\000t\000i\000n\000g}{section.4.3}% 29
\BOOKMARK [0][-]{chapter.5}{\376\377\000R\000E\000S\000U\000L\000T\000S\000\040\000A\000N\000D\000\040\000A\000N\000A\000L\000Y\000S\000I\000S}{}% 30
\BOOKMARK [1][-]{section.5.1}{\376\377\000D\000i\000r\000e\000c\000t\000\040\000C\000o\000m\000p\000a\000r\000i\000s\000i\000o\000n}{chapter.5}% 31
\BOOKMARK [1][-]{section.5.2}{\376\377\000L\000i\000m\000i\000t\000a\000t\000i\000o\000n}{chapter.5}% 32
\BOOKMARK [0][-]{chapter.6}{\376\377\000C\000o\000n\000c\000l\000u\000s\000i\000o\000n}{}% 33
\BOOKMARK [1][-]{section.6.1}{\376\377\000S\000u\000m\000m\000a\000r\000y\000\040\000o\000f\000\040\000C\000o\000n\000t\000r\000i\000b\000u\000t\000i\000o\000n}{chapter.6}% 34
\BOOKMARK [1][-]{section.6.2}{\376\377\000P\000o\000s\000s\000i\000b\000l\000e\000\040\000I\000m\000p\000r\000o\000v\000e\000m\000e\000n\000t\000s}{chapter.6}% 35
\BOOKMARK [1][-]{section.6.3}{\376\377\000F\000u\000t\000u\000r\000e\000\040\000W\000o\000r\000k}{chapter.6}% 36
\BOOKMARK [0][-]{chapter*.12}{\376\377\000B\000i\000b\000l\000i\000o\000g\000r\000a\000p\000h\000y}{}% 37
